<?xml version="1.0" encoding="UTF-8"?>
<!-- Generated by org.testng.reporters.JUnitXMLReporter -->
<testsuite hostname="KITC22006" ignored="1" name="Test" tests="2" failures="0" timestamp="06 Jul 2019 10:19:02 GMT" time="12.943" errors="0">
  <testcase name="searchFunctionality" time="4.609" classname="testNg.Practise"/>
  <testcase name="cartfuncationality" time="5.5" classname="testNg.Practise"/>
  <testcase name="test3" time="0.0" classname="testNg.NewTest">
    <ignored/>
  </testcase> <!-- test3 -->
</testsuite> <!-- Test -->
