<?xml version="1.0" encoding="UTF-8"?>
<!-- Generated by org.testng.reporters.JUnitXMLReporter -->
<testsuite hostname="KITC22006" ignored="1" name="Test" tests="2" failures="0" timestamp="07 Jul 2019 11:48:00 GMT" time="20.599" errors="0">
  <testcase name="searchFunctionality" time="4.723" classname="testNg.Practise"/>
  <testcase name="cartfuncationality" time="9.241" classname="testNg.Practise"/>
  <testcase name="test3" time="0.0" classname="testNg.NewTest">
    <ignored/>
  </testcase> <!-- test3 -->
</testsuite> <!-- Test -->
