<?xml version="1.0" encoding="UTF-8"?>
<testng-results skipped="0" failed="0" ignored="1" total="3" passed="2">
  <reporter-output>
  </reporter-output>
  <suite name="Selenium_Automation" duration-ms="20599" started-at="2019-07-07T11:47:39Z" finished-at="2019-07-07T11:47:59Z">
    <groups>
      <group name="init">
        <method signature="Practise.searchFunctionality()[pri:1, instance:testNg.Practise@15975490]" name="searchFunctionality" class="testNg.Practise"/>
      </group> <!-- init -->
      <group name="Sanity">
        <method signature="Practise.searchFunctionality()[pri:1, instance:testNg.Practise@15975490]" name="searchFunctionality" class="testNg.Practise"/>
      </group> <!-- Sanity -->
      <group name="Regression">
        <method signature="Practise.cartfuncationality()[pri:2, instance:testNg.Practise@15975490]" name="cartfuncationality" class="testNg.Practise"/>
      </group> <!-- Regression -->
    </groups>
    <test name="Test" duration-ms="20599" started-at="2019-07-07T11:47:39Z" finished-at="2019-07-07T11:47:59Z">
      <class name="testNg.Practise">
        <test-method status="PASS" signature="beforeSuite(java.lang.String)[pri:0, instance:testNg.Practise@15975490]" name="beforeSuite" is-config="true" duration-ms="6278" started-at="2019-07-07T11:47:33Z" finished-at="2019-07-07T11:47:39Z">
          <params>
            <param index="0">
              <value>
                <![CDATA[chrome]]>
              </value>
            </param>
          </params>
          <reporter-output>
          </reporter-output>
        </test-method> <!-- beforeSuite -->
        <test-method status="PASS" signature="beforeTest(java.lang.String)[pri:0, instance:testNg.Practise@15975490]" name="beforeTest" is-config="true" duration-ms="6622" started-at="2019-07-07T11:47:39Z" finished-at="2019-07-07T11:47:45Z">
          <params>
            <param index="0">
              <value>
                <![CDATA[https://demo.opencart.com/]]>
              </value>
            </param>
          </params>
          <reporter-output>
          </reporter-output>
        </test-method> <!-- beforeTest -->
        <test-method status="PASS" signature="searchFunctionality()[pri:1, instance:testNg.Practise@15975490]" name="searchFunctionality" duration-ms="4723" started-at="2019-07-07T11:47:46Z" finished-at="2019-07-07T11:47:50Z">
          <reporter-output>
          </reporter-output>
        </test-method> <!-- searchFunctionality -->
        <test-method status="PASS" signature="cartfuncationality()[pri:2, instance:testNg.Practise@15975490]" name="cartfuncationality" duration-ms="9241" started-at="2019-07-07T11:47:50Z" finished-at="2019-07-07T11:47:59Z">
          <reporter-output>
          </reporter-output>
        </test-method> <!-- cartfuncationality -->
        <test-method status="PASS" signature="afterSuite()[pri:0, instance:testNg.Practise@15975490]" name="afterSuite" is-config="true" duration-ms="672" started-at="2019-07-07T11:48:00Z" finished-at="2019-07-07T11:48:00Z">
          <reporter-output>
          </reporter-output>
        </test-method> <!-- afterSuite -->
      </class> <!-- testNg.Practise -->
    </test> <!-- Test -->
  </suite> <!-- Selenium_Automation -->
</testng-results>
