<?xml version="1.0" encoding="UTF-8"?>
<testng-results skipped="0" failed="0" ignored="0" total="1" passed="1">
  <reporter-output>
  </reporter-output>
  <suite name="Default suite" duration-ms="2158" started-at="2019-07-07T07:19:17Z" finished-at="2019-07-07T07:19:19Z">
    <groups>
    </groups>
    <test name="Default test" duration-ms="2158" started-at="2019-07-07T07:19:17Z" finished-at="2019-07-07T07:19:19Z">
      <class name="PomTest.NewTestpom">
        <test-method status="PASS" signature="startBrowser()[pri:0, instance:PomTest.NewTestpom@548a9f61]" name="startBrowser" is-config="true" duration-ms="7759" started-at="2019-07-07T07:19:09Z" finished-at="2019-07-07T07:19:17Z">
          <reporter-output>
          </reporter-output>
        </test-method> <!-- startBrowser -->
        <test-method status="PASS" signature="verifyLogin()[pri:0, instance:PomTest.NewTestpom@548a9f61]" name="verifyLogin" duration-ms="2140" started-at="2019-07-07T07:19:17Z" finished-at="2019-07-07T07:19:19Z">
          <reporter-output>
          </reporter-output>
        </test-method> <!-- verifyLogin -->
      </class> <!-- PomTest.NewTestpom -->
    </test> <!-- Default test -->
  </suite> <!-- Default suite -->
</testng-results>
